<?xml version="1.0" encoding="UTF-8"?>
<!-- Generated by org.testng.reporters.JUnitReportReporter -->
<testsuite hostname="PRASAD" failures="0" tests="1" name="testCases.TC001_AccountRegTest" time="4.324" errors="0" timestamp="2025-08-27T22:56:22 IST" skipped="0">
  <testcase classname="testCases.TC001_AccountRegTest" name="verifyReg" time="4.324"/>
</testsuite> <!-- testCases.TC001_AccountRegTest -->
