<?xml version="1.0" encoding="UTF-8"?>
<!-- Generated by org.testng.reporters.JUnitReportReporter -->
<testsuite hostname="PRASAD" failures="0" tests="1" name="testCases.TC002_LoginTest" time="1.853" errors="0" timestamp="2025-08-27T22:56:22 IST" skipped="0">
  <testcase classname="testCases.TC002_LoginTest" name="verify_login" time="1.853"/>
</testsuite> <!-- testCases.TC002_LoginTest -->
